<?xml version="1.0" encoding="UTF-8"?>
<testng-results skipped="0" failed="0" ignored="0" total="1" passed="1">
  <reporter-output>
  </reporter-output>
  <suite name="Default suite" duration-ms="101" started-at="2020-11-20T06:00:51Z" finished-at="2020-11-20T06:00:51Z">
    <groups>
    </groups>
    <test name="Default test" duration-ms="101" started-at="2020-11-20T06:00:51Z" finished-at="2020-11-20T06:00:51Z">
      <class name="com.demoproject.SampleCRM.suiteA.TestA">
        <test-method status="PASS" signature="beforeMethod()[pri:0, instance:com.demoproject.SampleCRM.suiteA.TestA@3a079870]" name="beforeMethod" is-config="true" duration-ms="17" started-at="2020-11-20T06:00:51Z" finished-at="2020-11-20T06:00:51Z">
          <reporter-output>
          </reporter-output>
        </test-method> <!-- beforeMethod -->
        <test-method status="PASS" signature="f()[pri:0, instance:com.demoproject.SampleCRM.suiteA.TestA@3a079870]" name="f" duration-ms="11" started-at="2020-11-20T06:00:51Z" finished-at="2020-11-20T06:00:51Z">
          <reporter-output>
          </reporter-output>
        </test-method> <!-- f -->
        <test-method status="PASS" signature="afterMethod()[pri:0, instance:com.demoproject.SampleCRM.suiteA.TestA@3a079870]" name="afterMethod" is-config="true" duration-ms="0" started-at="2020-11-20T06:00:51Z" finished-at="2020-11-20T06:00:51Z">
          <reporter-output>
          </reporter-output>
        </test-method> <!-- afterMethod -->
      </class> <!-- com.demoproject.SampleCRM.suiteA.TestA -->
    </test> <!-- Default test -->
  </suite> <!-- Default suite -->
</testng-results>
